{
  event = "msg_showcmd",
  kind = {}
}
{ { { 0, '"~/.config/ags/widget/notifications/NotifDaemon.tsx" 56 lines --96%--', 0 } }, false, true,
  event = "msg_show",
  kind = ""
}
{ { { 0, '"~/.config/ags/widget/notifications/NotificationWindow.tsx" 27 lines --25%--', 0 } }, true, true,
  event = "msg_show",
  kind = ""
}
{ { { 0, '"~/.config/ags/style/notif/notif.scss" 28 lines --39%--', 0 } }, true, true,
  event = "msg_show",
  kind = ""
}
{ { { 0, '"~/.config/ags/widget/notifications/Notification.tsx" 27 lines --22%--', 0 } }, true, true,
  event = "msg_show",
  kind = ""
}
{ { { 0, '"~/.config/ags/widget/notifications/NotifDaemon.tsx" 56 lines --96%--', 0 } }, true, true,
  event = "msg_show",
  kind = ""
}
{ { { 0, '"~/.config/ags/widget/notifications/NotificationWindow.tsx" 27 lines --25%--', 0 } }, true, true,
  event = "msg_show",
  kind = ""
}
{ { { 0, '"~/.config/ags/style/notif/notif.scss" 28 lines --39%--', 0 } }, true, true,
  event = "msg_show",
  kind = ""
}
{ { { 0, '"~/.config/ags/widget/notifications/Notification.tsx" 27 lines --22%--', 0 } }, true, true,
  event = "msg_show",
  kind = ""
}
{ { { 0, '"~/.config/ags/widget/notifications/NotifDaemon.tsx" 56 lines --96%--', 0 } }, true, true,
  event = "msg_show",
  kind = ""
}
{
  event = "msg_showcmd",
  kind = { { 0, ":", 0 } }
}
{
  event = "msg_clear"
}
{ 0, ":", "", 0, 1, 0,
  event = "cmdline_show",
  kind = { { 0, "" } }
}
{ 1, ":", "", 0, 1, 0,
  event = "cmdline_show",
  kind = { { 0, "N" } }
}
{ 2, ":", "", 0, 1, 0,
  event = "cmdline_show",
  kind = { { 0, "No" } }
}
{ 3, ":", "", 0, 1, 0,
  event = "cmdline_show",
  kind = { { 0, "Nou" } }
}
{ 4, ":", "", 0, 1, 0,
  event = "cmdline_show",
  kind = { { 0, "Nouc" } }
}
{ 5, ":", "", 0, 1, 0,
  event = "cmdline_show",
  kind = { { 0, "Nouce" } }
}
{ 4, ":", "", 0, 1, 0,
  event = "cmdline_show",
  kind = { { 0, "Nouc" } }
}
{ 3, ":", "", 0, 1, 0,
  event = "cmdline_show",
  kind = { { 0, "Nou" } }
}
{ 2, ":", "", 0, 1, 0,
  event = "cmdline_show",
  kind = { { 0, "No" } }
}
{ 3, ":", "", 0, 1, 0,
  event = "cmdline_show",
  kind = { { 0, "Noi" } }
}
{ 4, ":", "", 0, 1, 0,
  event = "cmdline_show",
  kind = { { 0, "Noic" } }
}
{ 5, ":", "", 0, 1, 0,
  event = "cmdline_show",
  kind = { { 0, "Noice" } }
}
{ 6, ":", "", 0, 1, 0,
  event = "cmdline_show",
  kind = { { 0, "NoiceD" } }
}
{ 7, ":", "", 0, 1, 0,
  event = "cmdline_show",
  kind = { { 0, "NoiceDe" } }
}
{ 8, ":", "", 0, 1, 0,
  event = "cmdline_show",
  kind = { { 0, "NoiceDeb" } }
}
{ 9, ":", "", 0, 1, 0,
  event = "cmdline_show",
  kind = { { 0, "NoiceDebu" } }
}
{ 10, ":", "", 0, 1, 0,
  event = "cmdline_show",
  kind = { { 0, "NoiceDebug" } }
}
{ 9, ":", "", 0, 1, 0,
  event = "cmdline_show",
  kind = { { 0, "NoiceDebu" } }
}
{ 8, ":", "", 0, 1, 0,
  event = "cmdline_show",
  kind = { { 0, "NoiceDeb" } }
}
{ 7, ":", "", 0, 1, 0,
  event = "cmdline_show",
  kind = { { 0, "NoiceDe" } }
}
{ 6, ":", "", 0, 1, 0,
  event = "cmdline_show",
  kind = { { 0, "NoiceD" } }
}
{ 5, ":", "", 0, 1, 0,
  event = "cmdline_show",
  kind = { { 0, "Noice" } }
}
{ 6, ":", "", 0, 1, 0,
  event = "cmdline_show",
  kind = { { 0, "Noice " } }
}
{ 7, ":", "", 0, 1, 0,
  event = "cmdline_show",
  kind = { { 0, "Noice d" } }
}
{ 8, ":", "", 0, 1, 0,
  event = "cmdline_show",
  kind = { { 0, "Noice de" } }
}
{ 9, ":", "", 0, 1, 0,
  event = "cmdline_show",
  kind = { { 0, "Noice deb" } }
}
{ 10, ":", "", 0, 1, 0,
  event = "cmdline_show",
  kind = { { 0, "Noice debu" } }
}
{ 11, ":", "", 0, 1, 0,
  event = "cmdline_show",
  kind = { { 0, "Noice debug" } }
}
{ false,
  event = "cmdline_hide",
  kind = 1
}
